<?xml version="1.0" encoding="UTF-8"?>
<testsuite xmlns:xsi="http://www.w3.org/2001/XMLSchema-instance" xsi:noNamespaceSchemaLocation="https://maven.apache.org/surefire/maven-surefire-plugin/xsd/surefire-test-report.xsd" name="org.example.AppTest" time="0.037" tests="1" errors="0" skipped="0" failures="0">
  <properties>
    <property name="java.specification.version" value="13"/>
    <property name="sun.cpu.isalist" value="amd64"/>
    <property name="sun.jnu.encoding" value="GBK"/>
    <property name="java.class.path" value="D:\Eclipse\etl2\target\test-classes;D:\Eclipse\etl2\target\classes;D:\Eclipse\store_jar\maven\junit\junit\4.11\junit-4.11.jar;D:\Eclipse\store_jar\maven\org\hamcrest\hamcrest-core\1.3\hamcrest-core-1.3.jar;D:\Eclipse\store_jar\maven\org\slf4j\slf4j-api\1.7.30\slf4j-api-1.7.30.jar;D:\Eclipse\store_jar\maven\c3p0\c3p0\0.9.1.2\c3p0-0.9.1.2.jar;D:\Eclipse\store_jar\maven\commons-beanutils\commons-beanutils\1.8.0\commons-beanutils-1.8.0.jar;D:\Eclipse\store_jar\maven\commons-logging\commons-logging\1.1.1\commons-logging-1.1.1.jar;D:\Eclipse\store_jar\maven\commons-configuration\commons-configuration\1.10\commons-configuration-1.10.jar;D:\Eclipse\store_jar\maven\commons-lang\commons-lang\2.6\commons-lang-2.6.jar;D:\Eclipse\store_jar\maven\commons-io\commons-io\2.5\commons-io-2.5.jar;D:\Eclipse\store_jar\maven\org\apache\commons\commons-lang3\3.4\commons-lang3-3.4.jar;"/>
    <property name="java.vm.vendor" value="Oracle Corporation"/>
    <property name="sun.arch.data.model" value="64"/>
    <property name="user.variant" value=""/>
    <property name="java.vendor.url" value="https://java.oracle.com/"/>
    <property name="user.timezone" value="Asia/Shanghai"/>
    <property name="os.name" value="Windows 10"/>
    <property name="java.vm.specification.version" value="13"/>
    <property name="sun.java.launcher" value="SUN_STANDARD"/>
    <property name="user.country" value="CN"/>
    <property name="sun.boot.library.path" value="D:\jdk13\bin"/>
    <property name="sun.java.command" value="C:\Users\123456~1\AppData\Local\Temp\surefire16878909498559567775\surefirebooter15276687007108750449.jar C:\Users\1234567890\AppData\Local\Temp\surefire16878909498559567775 2020-06-09T23-22-46_747-jvmRun1 surefire5728624455710556896tmp surefire_013229066928517615862tmp"/>
    <property name="jdk.debug" value="release"/>
    <property name="surefire.test.class.path" value="D:\Eclipse\etl2\target\test-classes;D:\Eclipse\etl2\target\classes;D:\Eclipse\store_jar\maven\junit\junit\4.11\junit-4.11.jar;D:\Eclipse\store_jar\maven\org\hamcrest\hamcrest-core\1.3\hamcrest-core-1.3.jar;D:\Eclipse\store_jar\maven\org\slf4j\slf4j-api\1.7.30\slf4j-api-1.7.30.jar;D:\Eclipse\store_jar\maven\c3p0\c3p0\0.9.1.2\c3p0-0.9.1.2.jar;D:\Eclipse\store_jar\maven\commons-beanutils\commons-beanutils\1.8.0\commons-beanutils-1.8.0.jar;D:\Eclipse\store_jar\maven\commons-logging\commons-logging\1.1.1\commons-logging-1.1.1.jar;D:\Eclipse\store_jar\maven\commons-configuration\commons-configuration\1.10\commons-configuration-1.10.jar;D:\Eclipse\store_jar\maven\commons-lang\commons-lang\2.6\commons-lang-2.6.jar;D:\Eclipse\store_jar\maven\commons-io\commons-io\2.5\commons-io-2.5.jar;D:\Eclipse\store_jar\maven\org\apache\commons\commons-lang3\3.4\commons-lang3-3.4.jar;"/>
    <property name="sun.cpu.endian" value="little"/>
    <property name="user.home" value="C:\Users\1234567890"/>
    <property name="user.language" value="zh"/>
    <property name="java.specification.vendor" value="Oracle Corporation"/>
    <property name="java.version.date" value="2019-09-17"/>
    <property name="java.home" value="D:\jdk13"/>
    <property name="file.separator" value="\"/>
    <property name="basedir" value="D:\Eclipse\etl2"/>
    <property name="java.vm.compressedOopsMode" value="Zero based"/>
    <property name="line.separator" value="&#10;"/>
    <property name="java.vm.specification.vendor" value="Oracle Corporation"/>
    <property name="java.specification.name" value="Java Platform API Specification"/>
    <property name="idea.version2020.1.2" value="true"/>
    <property name="surefire.real.class.path" value="C:\Users\123456~1\AppData\Local\Temp\surefire16878909498559567775\surefirebooter15276687007108750449.jar"/>
    <property name="user.script" value=""/>
    <property name="sun.management.compiler" value="HotSpot 64-Bit Tiered Compilers"/>
    <property name="java.runtime.version" value="13+33"/>
    <property name="user.name" value="admin"/>
    <property name="path.separator" value=";"/>
    <property name="os.version" value="10.0"/>
    <property name="java.runtime.name" value="Java(TM) SE Runtime Environment"/>
    <property name="file.encoding" value="GBK"/>
    <property name="java.vm.name" value="Java HotSpot(TM) 64-Bit Server VM"/>
    <property name="localRepository" value="D:\Eclipse\store_jar\maven"/>
    <property name="java.vendor.url.bug" value="https://bugreport.java.com/bugreport/"/>
    <property name="java.io.tmpdir" value="C:\Users\123456~1\AppData\Local\Temp\"/>
    <property name="java.version" value="13"/>
    <property name="user.dir" value="D:\Eclipse\etl2"/>
    <property name="os.arch" value="amd64"/>
    <property name="java.vm.specification.name" value="Java Virtual Machine Specification"/>
    <property name="sun.os.patch.level" value=""/>
    <property name="java.library.path" value="D:\jdk13\bin;C:\WINDOWS\Sun\Java\bin;C:\WINDOWS\system32;C:\WINDOWS;D:\Xmanager 6\;C:\Program Files (x86)\NetSarang\Xftp 6\;D:\XShell6\;F:\app\admin\virtual\product\12.2.0\dbhome_1\bin;C:\Program Files\NVIDIA GPU Computing Toolkit\CUDA\v10.0\bin;C:\Program Files\NVIDIA GPU Computing Toolkit\CUDA\v10.0\libnvvp;C:\Windows\system32;C:\Windows;C:\Windows\System32\Wbem;C:\Windows\System32\WindowsPowerShell\v1.0\;C:\Program Files\dotnet\;C:\Program Files\Microsoft SQL Server\Client SDK\ODBC\130\Tools\Binn\;C:\Program Files (x86)\NVIDIA Corporation\PhysX\Common;C:\Program Files\NVIDIA Corporation\NVIDIA NvDLISR;C:\WINDOWS\system32;C:\WINDOWS;C:\WINDOWS\System32\Wbem;C:\WINDOWS\System32\WindowsPowerShell\v1.0\;C:\WINDOWS\System32\OpenSSH\;D:\jdk13\bin;D:\jdk13\jre\bin;D:\MinGW\bin;C:\Program Files (x86)\Graphviz2.38\bin;F:\app\Git\Git\cmd;C:\Program Files (x86)\Google\Chrome\Application;C:\strawberry\c\bin;C:\strawberry\perl\bin;F:\Program Files\nodejs\;&quot;D:\Eclipse\apache-maven-3.6.2-bin\apache-maven-3.6.2\bin;D:\Eclipse\apache-maven-3.6.2-bin\apache-maven-3.6.2\bin\;&quot;;%M2_HOME%\bin;&quot;D:\Eclipse\apache-maven-3.6.2-bin\apache-maven-3.6.2\bin;&quot;;C:\Users\1234567890\Anaconda3;C:\Users\1234567890\Anaconda3\Library\mingw-w64\bin;C:\Users\1234567890\Anaconda3\Library\usr\bin;C:\Users\1234567890\Anaconda3\Library\bin;C:\Users\1234567890\Anaconda3\Scripts;C:\Users\1234567890\AppData\Local\Microsoft\WindowsApps;D:\Pycharm\PyCharm 2019.2.2\bin;D:\Pycharm\PyCharm Community Edition 2019.2.2\bin;C:\Program Files\Java\jdk-13\bin;C:\Program Files\NVIDIA GPU Computing Toolkit\CUDA\v10.0\bin;C:\Program Files\NVIDIA GPU Computing Toolkit\CUDA\v10.0\libnvvp;C:\Program Files\NVIDIA GPU Computing Toolkit\CUDA\v10.0\cudnn\bin;C:\Program Files\NVIDIA GPU Computing Toolkit\CUDA\v10.0\extras\CUPTI\libx64;D:\inter\intel-openmp-2019.4-245.tar\Library\bin;C:\Users\1234567890\AppData\Local\GitHubDesktop\bin;D:\Pycharm\PyCharm 2019.2.5\bin;;E:\Microsoft VS Code\bin;C:\Users\1234567890\AppData\Roaming\npm;D:\Eclipse\apache-maven-3.6.2-bin\apache-maven-3.6.2;&quot;;D:\Eclipse\apache-maven-3.6.2-bin\apache-maven-3.6.2\bin&quot;;;D:\JetBrains\IntelliJ IDEA Community Edition 2020.1.2\bin;;D:\Program Files\JetBrains\IntelliJ IDEA 2020.1.2\bin;;."/>
    <property name="java.vm.info" value="mixed mode, sharing"/>
    <property name="java.vendor" value="Oracle Corporation"/>
    <property name="java.vm.version" value="13+33"/>
    <property name="sun.io.unicode.encoding" value="UnicodeLittle"/>
    <property name="maven.repo.local" value="D:\Eclipse\store_jar\maven"/>
    <property name="java.class.version" value="57.0"/>
  </properties>
  <testcase name="shouldAnswerWithTrue" classname="org.example.AppTest" time="0.002"/>
</testsuite>